#
# A fatal error has been detected by the Java Runtime Environment:
#
#  SIGSEGV (0xb) at pc=0x000000010ac7a511, pid=6993, tid=775
#
# JRE version: Java(TM) SE Runtime Environment (8.0_45-b14) (build 1.8.0_45-b14)
# Java VM: Java HotSpot(TM) 64-Bit Server VM (25.45-b02 mixed mode bsd-amd64 compressed oops)
# Problematic frame:
# C  [libglass.dylib+0x15511]  GlassScreenDidChangeScreenParameters+0x21
#
# Failed to write core dump. Core dumps have been disabled. To enable core dumping, try "ulimit -c unlimited" before starting Java again
#
# If you would like to submit a bug report, please visit:
#   http://bugreport.java.com/bugreport/crash.jsp
#

---------------  T H R E A D  ---------------

Current thread is native thread

siginfo: si_signo: 11 (SIGSEGV), si_code: 1 (SEGV_MAPERR), si_addr: 0x0000000000000000

Registers:
RAX=0x000000010acacac8, RBX=0x0000000000000000, RCX=0x0000000000000103, RDX=0x0000000000012068
RSP=0x00007fff5b6d2ba0, RBP=0x00007fff5b6d2bb0, RSI=0x00007fb81c41a6f0, RDI=0x0000000000000000
R8 =0x0000000000000040, R9 =0x00007fffa0199040, R10=0xffffffffffffffff, R11=0x0000000000012068
R12=0x0000000000000000, R13=0x00007fb81c4c6890, R14=0x00007fb81c556910, R15=0x0000000000000000
RIP=0x000000010ac7a511, EFLAGS=0x0000000000010246, ERR=0x0000000000000004
  TRAPNO=0x000000000000000e

Top of Stack: (sp=0x00007fff5b6d2ba0)
0x00007fff5b6d2ba0:   00007fb81c4c6950 00007fb81c556910
0x00007fff5b6d2bb0:   00007fff5b6d2bc0 00007fff8169754c
0x00007fff5b6d2bc0:   00007fff5b6d2c30 00007fff8169744b
0x00007fff5b6d2bd0:   00007fff819bac77 00007fffa0194060
0x00007fff5b6d2be0:   00000000c2000000 00007fff816974a0
0x00007fff5b6d2bf0:   00007fff9c9bd680 00007fb81c4c6890
0x00007fff5b6d2c00:   00007fb81c556910 00007fff5b6d33a8
0x00007fff5b6d2c10:   00007fff5b6d2cf0 00007fff9695c000
0x00007fff5b6d2c20:   00007fb81c4c6890 00007fff7fd9605a
0x00007fff5b6d2c30:   00007fff5b6d2c70 00007fff816971b2
0x00007fff5b6d2c40:   00007fff5b6d3230 0000000000000000
0x00007fff5b6d2c50:   00007fff5b6d2cf0 00007fff9695c000
0x00007fff5b6d2c60:   00007fff5b6d33a8 00007fff7fd9605a
0x00007fff5b6d2c70:   00007fff5b6d3360 00007fff81655782
0x00007fff5b6d2c80:   00007fff9c238080 01ffffff9c9b7b01
0x00007fff5b6d2c90:   00007fb81c50d130 00007fff9c9becb0
0x00007fff5b6d2ca0:   0000000000000000 00007fb81ca3c048
0x00007fff5b6d2cb0:   00007fb81c50d101 00007fb81c490490
0x00007fff5b6d2cc0:   00007fff9caf10e0 0000000000000000
0x00007fff5b6d2cd0:   00007fb81c4c6980 0000000000000000
0x00007fff5b6d2ce0:   0000000000000000 00007fff9c9fd900
0x00007fff5b6d2cf0:   00007fff5b6d3230 0000000000000001
0x00007fff5b6d2d00:   0000000000000100 00007fff81650800
0x00007fff5b6d2d10:   00007fff5b6d3130 0000000000000000
0x00007fff5b6d2d20:   0000000000000100 00007fff9c9fee00
0x00007fff5b6d2d30:   00007fb81c40cb40 0000000000000001
0x00007fff5b6d2d40:   00007fff5b6d3390 00007fff81650359
0x00007fff5b6d2d50:   00007fff5b6d2d90 00007fff80bb651f
0x00007fff5b6d2d60:   0000000000000000 00007fff973ce91f
0x00007fff5b6d2d70:   0000000000000000 0000000000000011
0x00007fff5b6d2d80:   0000000104546000 0000000000000011
0x00007fff5b6d2d90:   0000000104549a00 000000010454a400 

Instructions: (pc=0x000000010ac7a511)
0x000000010ac7a4f1:   48 89 e5 41 56 53 48 8d 05 c2 26 03 00 48 83 38
0x000000010ac7a501:   00 48 89 fb 75 72 48 8d 05 ba 25 03 00 48 8b 30
0x000000010ac7a511:   48 8b 03 48 8d 15 6c 9a 01 00 48 8d 0d 86 6f 01
0x000000010ac7a521:   00 48 89 df ff 90 88 03 00 00 48 8d 0d 8e 26 03 

Register to memory mapping:

RAX=0x000000010acacac8: jScreenClass+0 in /Library/Java/JavaVirtualMachines/jdk1.8.0_45.jdk/Contents/Home/jre/lib/libglass.dylib at 0x000000010ac65000
RBX=0x0000000000000000 is an unknown value
RCX=0x0000000000000103 is an unknown value
RDX=0x0000000000012068 is an unknown value
RSP=0x00007fff5b6d2ba0 is an unknown value
RBP=0x00007fff5b6d2bb0 is an unknown value
RSI=0x00007fb81c41a6f0 is a global jni handle
RDI=0x0000000000000000 is an unknown value
R8 =0x0000000000000040 is an unknown value
R9 =0x00007fffa0199040: __sFX+0x1c0 in /usr/lib/system/libsystem_c.dylib at 0x00007fff97280000
R10=0xffffffffffffffff is an unknown value
R11=0x0000000000012068 is an unknown value
R12=0x0000000000000000 is an unknown value
R13=0x00007fb81c4c6890 is an unknown value
R14=0x00007fb81c556910 is an unknown value
R15=0x0000000000000000 is an unknown value


Stack: [0x00007fff5aed6000,0x00007fff5b6d6000],  sp=0x00007fff5b6d2ba0,  free space=8178k
Native frames: (J=compiled Java code, j=interpreted, Vv=VM code, C=native code)
C  [libglass.dylib+0x15511]  GlassScreenDidChangeScreenParameters+0x21
C  [CoreFoundation+0x9a54c]  __CFNOTIFICATIONCENTER_IS_CALLING_OUT_TO_AN_OBSERVER__+0xc
C  [CoreFoundation+0x9a44b]  _CFXRegistrationPost+0x1ab
C  [CoreFoundation+0x9a1b2]  ___CFXNotificationPost_block_invoke+0x32
C  [CoreFoundation+0x58782]  -[_CFXNotificationRegistrar find:object:observer:enumerator:]+0x7e2
C  [CoreFoundation+0x5776b]  _CFXNotificationPost+0x29b
C  [Foundation+0x6677]  -[NSNotificationCenter postNotificationName:object:userInfo:]+0x42
C  [AppKit+0x3f0ba2]  -[NSApplication _reactToScreenInvalidationImmediately:]+0x18f
C  [AppKit+0x3f09df]  __44-[NSApplication _reactToScreenInvalidation:]_block_invoke+0x3b
C  [CoreFoundation+0xa422c]  __CFRUNLOOP_IS_CALLING_OUT_TO_A_BLOCK__+0xc
C  [CoreFoundation+0x853c4]  __CFRunLoopDoBlocks+0x164
C  [CoreFoundation+0x84f06]  __CFRunLoopRun+0x766
C  [CoreFoundation+0x84544]  CFRunLoopRunSpecific+0x1a4
C  [java+0x6490]  CreateExecutionEnvironment+0x367
C  [java+0x221c]  JLI_Launch+0x7a0
C  [java+0x84ed]  main+0x65
C  [java+0x1a74]  start+0x34


---------------  P R O C E S S  ---------------

VM state:not at safepoint (normal execution)

VM Mutex/Monitor currently owned by a thread: None

Heap:
 PSYoungGen      total 28672K, used 10780K [0x00000007a0000000, 0x00000007a2000000, 0x00000007c0000000)
  eden space 24576K, 43% used [0x00000007a0000000,0x00000007a0a87278,0x00000007a1800000)
  from space 4096K, 0% used [0x00000007a1c00000,0x00000007a1c00000,0x00000007a2000000)
  to   space 4096K, 0% used [0x00000007a1800000,0x00000007a1800000,0x00000007a1c00000)
 ParOldGen       total 65536K, used 0K [0x0000000760000000, 0x0000000764000000, 0x00000007a0000000)
  object space 65536K, 0% used [0x0000000760000000,0x0000000760000000,0x0000000764000000)
 Metaspace       used 6423K, capacity 6708K, committed 6784K, reserved 1056768K
  class space    used 744K, capacity 833K, committed 896K, reserved 1048576K

Card table byte_map: [0x0000000105dc0000,0x00000001060c1000] byte_map_base: 0x00000001022c0000

Marking Bits: (ParMarkBitMap*) 0x0000000104e697a0
 Begin Bits: [0x00000001062c1000, 0x0000000107ac1000)
 End Bits:   [0x0000000107ac1000, 0x00000001092c1000)

Polling page: 0x0000000105553000

CodeCache: size=245760Kb used=2033Kb max_used=2033Kb free=243726Kb
 bounds [0x000000010b2b0000, 0x000000010b520000, 0x000000011a2b0000]
 total_blobs=832 nmethods=456 adapters=292
 compilation: enabled

Compilation events (10 events):
Event: 0.770 Thread 0x00007fb81c85f800 nmethod 446 0x000000010b4a5b90 code [0x000000010b4a5d20, 0x000000010b4a6038]
Event: 0.801 Thread 0x00007fb81c85f800  447       3       java.nio.Buffer::position (43 bytes)
Event: 0.829 Thread 0x00007fb81c85f800 nmethod 447 0x000000010b4a5690 code [0x000000010b4a5800, 0x000000010b4a5ac8]
Event: 0.834 Thread 0x00007fb81d05b000 nmethod 439 0x000000010b4a5290 code [0x000000010b4a5400, 0x000000010b4a5548]
Event: 0.870 Thread 0x00007fb81c85f800  448       3       java.nio.CharBuffer::arrayOffset (35 bytes)
Event: 0.870 Thread 0x00007fb81c85f800 nmethod 448 0x000000010b4a4c90 code [0x000000010b4a4e20, 0x000000010b4a5138]
Event: 0.880 Thread 0x00007fb81c85f800  449       3       sun.util.locale.LocaleUtils::isUpper (18 bytes)
Event: 0.880 Thread 0x00007fb81c85f800 nmethod 449 0x000000010b4a9b10 code [0x000000010b4a9c80, 0x000000010b4a9e50]
Event: 0.884 Thread 0x00007fb81c85f800  450       3       java.lang.String::lastIndexOf (151 bytes)
Event: 0.890 Thread 0x00007fb81c85f800 nmethod 450 0x000000010b4a8d90 code [0x000000010b4a8f40, 0x000000010b4a9490]

GC Heap History (0 events):
No events

Deoptimization events (0 events):
No events

Internal exceptions (10 events):
Event: 0.177 Thread 0x00007fb81d000000 Exception <a 'java/security/PrivilegedActionException'> (0x00000007a01e4500) thrown at [/Users/java_re/workspace/8-2-build-macosx-x86_64/jdk8u45/3457/hotspot/src/share/vm/prims/jvm.cpp, line 1382]
Event: 0.177 Thread 0x00007fb81d000000 Exception <a 'java/security/PrivilegedActionException'> (0x00000007a01e46b8) thrown at [/Users/java_re/workspace/8-2-build-macosx-x86_64/jdk8u45/3457/hotspot/src/share/vm/prims/jvm.cpp, line 1382]
Event: 0.264 Thread 0x00007fb81d000000 Exception <a 'java/lang/NoSuchFieldError': method resolution failed> (0x00000007a02f4760) thrown at [/Users/java_re/workspace/8-2-build-macosx-x86_64/jdk8u45/3457/hotspot/src/share/vm/prims/methodHandles.cpp, line 1125]
Event: 0.275 Thread 0x00007fb81d000000 Exception <a 'java/lang/NoSuchFieldError': method resolution failed> (0x00000007a0302e30) thrown at [/Users/java_re/workspace/8-2-build-macosx-x86_64/jdk8u45/3457/hotspot/src/share/vm/prims/methodHandles.cpp, line 1125]
Event: 0.302 Thread 0x00007fb81d000000 Exception <a 'java/security/PrivilegedActionException'> (0x00000007a038f420) thrown at [/Users/java_re/workspace/8-2-build-macosx-x86_64/jdk8u45/3457/hotspot/src/share/vm/prims/jvm.cpp, line 1382]
Event: 0.302 Thread 0x00007fb81d000000 Exception <a 'java/security/PrivilegedActionException'> (0x00000007a038f5d8) thrown at [/Users/java_re/workspace/8-2-build-macosx-x86_64/jdk8u45/3457/hotspot/src/share/vm/prims/jvm.cpp, line 1382]
Event: 0.302 Thread 0x00007fb81d000000 Exception <a 'java/security/PrivilegedActionException'> (0x00000007a03927c8) thrown at [/Users/java_re/workspace/8-2-build-macosx-x86_64/jdk8u45/3457/hotspot/src/share/vm/prims/jvm.cpp, line 1382]
Event: 0.302 Thread 0x00007fb81d000000 Exception <a 'java/security/PrivilegedActionException'> (0x00000007a0392980) thrown at [/Users/java_re/workspace/8-2-build-macosx-x86_64/jdk8u45/3457/hotspot/src/share/vm/prims/jvm.cpp, line 1382]
Event: 0.302 Thread 0x00007fb81d000000 Exception <a 'java/lang/NullPointerException'> (0x00000007a0394628) thrown at [/Users/java_re/workspace/8-2-build-macosx-x86_64/jdk8u45/3457/hotspot/src/share/vm/interpreter/linkResolver.cpp, line 1178]
Event: 0.744 Thread 0x00007fb81d000000 Exception <a 'java/lang/reflect/InvocationTargetException'> (0x00000007a09a04a8) thrown at [/Users/java_re/workspace/8-2-build-macosx-x86_64/jdk8u45/3457/hotspot/src/share/vm/runtime/reflection.cpp, line 1080]

Events (10 events):
Event: 0.891 loading class sun/util/resources/LocaleData$LocaleDataResourceBundleControl
Event: 0.891 loading class sun/util/resources/LocaleData$LocaleDataResourceBundleControl done
Event: 0.891 loading class java/util/ResourceBundle
Event: 0.891 loading class java/util/ResourceBundle done
Event: 0.891 loading class java/util/ResourceBundle$1
Event: 0.891 loading class java/util/ResourceBundle$1 done
Event: 0.891 loading class java/util/spi/ResourceBundleControlProvider
Event: 0.891 loading class java/util/spi/ResourceBundleControlProvider done
Event: 0.892 loading class java/util/ResourceBundle$RBClassLoader
Event: 0.892 loading class java/util/ResourceBundle$RBClassLoader done


Dynamic libraries:
0x000000000c121000 	/System/Library/Frameworks/Cocoa.framework/Versions/A/Cocoa
0x000000000c121000 	/System/Library/Frameworks/Security.framework/Versions/A/Security
0x000000000c121000 	/System/Library/Frameworks/ApplicationServices.framework/Versions/A/ApplicationServices
0x000000000c121000 	/usr/lib/libz.1.dylib
0x000000000c121000 	/usr/lib/libSystem.B.dylib
0x000000000c121000 	/usr/lib/libobjc.A.dylib
0x000000000c121000 	/System/Library/Frameworks/CoreFoundation.framework/Versions/A/CoreFoundation
0x000000000c121000 	/System/Library/Frameworks/Foundation.framework/Versions/C/Foundation
0x000000000c121000 	/System/Library/Frameworks/AppKit.framework/Versions/C/AppKit
0x000000000c121000 	/System/Library/Frameworks/CoreData.framework/Versions/A/CoreData
0x000000000c121000 	/System/Library/PrivateFrameworks/RemoteViewServices.framework/Versions/A/RemoteViewServices
0x000000000c121000 	/System/Library/PrivateFrameworks/UIFoundation.framework/Versions/A/UIFoundation
0x000000000c121000 	/System/Library/PrivateFrameworks/DFRFoundation.framework/Versions/A/DFRFoundation
0x000000000c121000 	/usr/lib/libenergytrace.dylib
0x000000000c121000 	/System/Library/PrivateFrameworks/SkyLight.framework/Versions/A/SkyLight
0x000000000c121000 	/System/Library/Frameworks/CoreGraphics.framework/Versions/A/CoreGraphics
0x000000000c121000 	/usr/lib/libScreenReader.dylib
0x000000000c121000 	/System/Library/Frameworks/Accelerate.framework/Versions/A/Accelerate
0x000000000c121000 	/System/Library/Frameworks/IOSurface.framework/Versions/A/IOSurface
0x000000000c121000 	/System/Library/Frameworks/AudioToolbox.framework/Versions/A/AudioToolbox
0x000000000c121000 	/System/Library/Frameworks/AudioUnit.framework/Versions/A/AudioUnit
0x000000000c121000 	/System/Library/PrivateFrameworks/DataDetectorsCore.framework/Versions/A/DataDetectorsCore
0x000000000c121000 	/System/Library/PrivateFrameworks/DesktopServicesPriv.framework/Versions/A/DesktopServicesPriv
0x000000000c121000 	/System/Library/Frameworks/Carbon.framework/Versions/A/Frameworks/HIToolbox.framework/Versions/A/HIToolbox
0x000000000c121000 	/usr/lib/libicucore.A.dylib
0x000000000c121000 	/System/Library/Frameworks/QuartzCore.framework/Versions/A/QuartzCore
0x000000000c121000 	/System/Library/Frameworks/Carbon.framework/Versions/A/Frameworks/SpeechRecognition.framework/Versions/A/SpeechRecognition
0x000000000c121000 	/usr/lib/libauto.dylib
0x000000000c121000 	/usr/lib/libxml2.2.dylib
0x000000000c121000 	/System/Library/PrivateFrameworks/CoreUI.framework/Versions/A/CoreUI
0x000000000c121000 	/System/Library/Frameworks/CoreAudio.framework/Versions/A/CoreAudio
0x000000000c121000 	/System/Library/Frameworks/DiskArbitration.framework/Versions/A/DiskArbitration
0x000000000c121000 	/usr/lib/liblangid.dylib
0x000000000c121000 	/System/Library/PrivateFrameworks/MultitouchSupport.framework/Versions/A/MultitouchSupport
0x000000000c121000 	/System/Library/Frameworks/IOKit.framework/Versions/A/IOKit
0x000000000c121000 	/usr/lib/libDiagnosticMessagesClient.dylib
0x000000000c121000 	/System/Library/Frameworks/CoreServices.framework/Versions/A/CoreServices
0x000000000c121000 	/System/Library/PrivateFrameworks/PerformanceAnalysis.framework/Versions/A/PerformanceAnalysis
0x000000000c121000 	/System/Library/PrivateFrameworks/GenerationalStorage.framework/Versions/A/GenerationalStorage
0x000000000c121000 	/System/Library/Frameworks/OpenGL.framework/Versions/A/OpenGL
0x000000000c121000 	/System/Library/Frameworks/CoreImage.framework/Versions/A/CoreImage
0x000000000c121000 	/System/Library/Frameworks/CoreText.framework/Versions/A/CoreText
0x000000000c121000 	/System/Library/Frameworks/ImageIO.framework/Versions/A/ImageIO
0x000000000c121000 	/System/Library/PrivateFrameworks/Backup.framework/Versions/A/Backup
0x000000000c121000 	/usr/lib/libarchive.2.dylib
0x000000000c121000 	/System/Library/Frameworks/CFNetwork.framework/Versions/A/CFNetwork
0x000000000c121000 	/System/Library/Frameworks/SystemConfiguration.framework/Versions/A/SystemConfiguration
0x000000000c121000 	/usr/lib/libCRFSuite.dylib
0x000000000c121000 	/usr/lib/libc++.1.dylib
0x000000000c121000 	/usr/lib/libc++abi.dylib
0x000000000c121000 	/usr/lib/system/libcache.dylib
0x000000000c121000 	/usr/lib/system/libcommonCrypto.dylib
0x000000000c121000 	/usr/lib/system/libcompiler_rt.dylib
0x000000000c121000 	/usr/lib/system/libcopyfile.dylib
0x000000000c121000 	/usr/lib/system/libcorecrypto.dylib
0x000000000c121000 	/usr/lib/system/libdispatch.dylib
0x000000000c121000 	/usr/lib/system/libdyld.dylib
0x000000000c121000 	/usr/lib/system/libkeymgr.dylib
0x000000000c121000 	/usr/lib/system/liblaunch.dylib
0x000000000c121000 	/usr/lib/system/libmacho.dylib
0x000000000c121000 	/usr/lib/system/libquarantine.dylib
0x000000000c121000 	/usr/lib/system/libremovefile.dylib
0x000000000c121000 	/usr/lib/system/libsystem_asl.dylib
0x000000000c121000 	/usr/lib/system/libsystem_blocks.dylib
0x000000000c121000 	/usr/lib/system/libsystem_c.dylib
0x000000000c121000 	/usr/lib/system/libsystem_configuration.dylib
0x000000000c121000 	/usr/lib/system/libsystem_coreservices.dylib
0x000000000c121000 	/usr/lib/system/libsystem_coretls.dylib
0x000000000c121000 	/usr/lib/system/libsystem_dnssd.dylib
0x000000000c121000 	/usr/lib/system/libsystem_info.dylib
0x000000000c121000 	/usr/lib/system/libsystem_kernel.dylib
0x000000000c121000 	/usr/lib/system/libsystem_m.dylib
0x000000000c121000 	/usr/lib/system/libsystem_malloc.dylib
0x000000000c121000 	/usr/lib/system/libsystem_network.dylib
0x000000000c121000 	/usr/lib/system/libsystem_networkextension.dylib
0x000000000c121000 	/usr/lib/system/libsystem_notify.dylib
0x000000000c121000 	/usr/lib/system/libsystem_platform.dylib
0x000000000c121000 	/usr/lib/system/libsystem_pthread.dylib
0x000000000c121000 	/usr/lib/system/libsystem_sandbox.dylib
0x000000000c121000 	/usr/lib/system/libsystem_secinit.dylib
0x000000000c121000 	/usr/lib/system/libsystem_symptoms.dylib
0x000000000c121000 	/usr/lib/system/libsystem_trace.dylib
0x000000000c121000 	/usr/lib/system/libunwind.dylib
0x000000000c121000 	/usr/lib/system/libxpc.dylib
0x000000000c121000 	/usr/lib/libbsm.0.dylib
0x000000000c121000 	/usr/lib/system/libkxld.dylib
0x000000000c121000 	/usr/lib/libcoretls.dylib
0x000000000c121000 	/usr/lib/libcoretls_cfhelpers.dylib
0x000000000c121000 	/usr/lib/libOpenScriptingUtil.dylib
0x000000000c121000 	/usr/lib/libpam.2.dylib
0x000000000c121000 	/usr/lib/libsqlite3.dylib
0x000000000c121000 	/usr/lib/libxar.1.dylib
0x000000000c121000 	/usr/lib/libbz2.1.0.dylib
0x000000000c121000 	/usr/lib/liblzma.5.dylib
0x000000000c121000 	/usr/lib/libnetwork.dylib
0x000000000c121000 	/usr/lib/libpcap.A.dylib
0x000000000c121000 	/System/Library/Frameworks/CoreServices.framework/Versions/A/Frameworks/FSEvents.framework/Versions/A/FSEvents
0x000000000c121000 	/System/Library/Frameworks/CoreServices.framework/Versions/A/Frameworks/CarbonCore.framework/Versions/A/CarbonCore
0x000000000c121000 	/System/Library/Frameworks/CoreServices.framework/Versions/A/Frameworks/Metadata.framework/Versions/A/Metadata
0x000000000c121000 	/System/Library/Frameworks/CoreServices.framework/Versions/A/Frameworks/OSServices.framework/Versions/A/OSServices
0x000000000c121000 	/System/Library/Frameworks/CoreServices.framework/Versions/A/Frameworks/SearchKit.framework/Versions/A/SearchKit
0x000000000c121000 	/System/Library/Frameworks/CoreServices.framework/Versions/A/Frameworks/AE.framework/Versions/A/AE
0x000000000c121000 	/System/Library/Frameworks/CoreServices.framework/Versions/A/Frameworks/LaunchServices.framework/Versions/A/LaunchServices
0x000000000c121000 	/System/Library/Frameworks/CoreServices.framework/Versions/A/Frameworks/DictionaryServices.framework/Versions/A/DictionaryServices
0x000000000c121000 	/System/Library/Frameworks/CoreServices.framework/Versions/A/Frameworks/SharedFileList.framework/Versions/A/SharedFileList
0x000000000c121000 	/System/Library/Frameworks/NetFS.framework/Versions/A/NetFS
0x000000000c121000 	/System/Library/PrivateFrameworks/NetAuth.framework/Versions/A/NetAuth
0x000000000c121000 	/System/Library/PrivateFrameworks/login.framework/Versions/A/Frameworks/loginsupport.framework/Versions/A/loginsupport
0x000000000c121000 	/System/Library/PrivateFrameworks/TCC.framework/Versions/A/TCC
0x000000000c121000 	/usr/lib/libmecabra.dylib
0x000000000c121000 	/System/Library/Frameworks/ApplicationServices.framework/Versions/A/Frameworks/ATS.framework/Versions/A/ATS
0x000000000c121000 	/System/Library/Frameworks/ApplicationServices.framework/Versions/A/Frameworks/ColorSync.framework/Versions/A/ColorSync
0x000000000c121000 	/System/Library/Frameworks/ApplicationServices.framework/Versions/A/Frameworks/HIServices.framework/Versions/A/HIServices
0x000000000c121000 	/System/Library/Frameworks/ApplicationServices.framework/Versions/A/Frameworks/LangAnalysis.framework/Versions/A/LangAnalysis
0x000000000c121000 	/System/Library/Frameworks/ApplicationServices.framework/Versions/A/Frameworks/PrintCore.framework/Versions/A/PrintCore
0x000000000c121000 	/System/Library/Frameworks/ApplicationServices.framework/Versions/A/Frameworks/QD.framework/Versions/A/QD
0x000000000c121000 	/System/Library/Frameworks/ApplicationServices.framework/Versions/A/Frameworks/SpeechSynthesis.framework/Versions/A/SpeechSynthesis
0x000000000c121000 	/System/Library/Frameworks/Accelerate.framework/Versions/A/Frameworks/vImage.framework/Versions/A/vImage
0x000000000c121000 	/System/Library/Frameworks/Accelerate.framework/Versions/A/Frameworks/vecLib.framework/Versions/A/vecLib
0x000000000c121000 	/System/Library/Frameworks/Accelerate.framework/Versions/A/Frameworks/vecLib.framework/Versions/A/libvDSP.dylib
0x000000000c121000 	/System/Library/Frameworks/Accelerate.framework/Versions/A/Frameworks/vecLib.framework/Versions/A/libBNNS.dylib
0x000000000c121000 	/System/Library/Frameworks/Accelerate.framework/Versions/A/Frameworks/vecLib.framework/Versions/A/libQuadrature.dylib
0x000000000c121000 	/System/Library/Frameworks/Accelerate.framework/Versions/A/Frameworks/vecLib.framework/Versions/A/libvMisc.dylib
0x000000000c121000 	/System/Library/Frameworks/Accelerate.framework/Versions/A/Frameworks/vecLib.framework/Versions/A/libLAPACK.dylib
0x000000000c121000 	/System/Library/Frameworks/Accelerate.framework/Versions/A/Frameworks/vecLib.framework/Versions/A/libBLAS.dylib
0x000000000c121000 	/System/Library/Frameworks/Accelerate.framework/Versions/A/Frameworks/vecLib.framework/Versions/A/libLinearAlgebra.dylib
0x000000000c121000 	/System/Library/Frameworks/Accelerate.framework/Versions/A/Frameworks/vecLib.framework/Versions/A/libSparseBLAS.dylib
0x000000000c121000 	/System/Library/Frameworks/ApplicationServices.framework/Versions/A/Frameworks/ATS.framework/Versions/A/Resources/libFontParser.dylib
0x000000000c121000 	/System/Library/Frameworks/ApplicationServices.framework/Versions/A/Frameworks/ATS.framework/Versions/A/Resources/libFontRegistry.dylib
0x000000000c121000 	/System/Library/Frameworks/ImageIO.framework/Versions/A/Resources/libJPEG.dylib
0x000000000c121000 	/System/Library/Frameworks/ImageIO.framework/Versions/A/Resources/libTIFF.dylib
0x000000000c121000 	/System/Library/Frameworks/ImageIO.framework/Versions/A/Resources/libPng.dylib
0x000000000c121000 	/System/Library/Frameworks/ImageIO.framework/Versions/A/Resources/libGIF.dylib
0x000000000c121000 	/System/Library/Frameworks/ImageIO.framework/Versions/A/Resources/libJP2.dylib
0x000000000c121000 	/System/Library/Frameworks/ImageIO.framework/Versions/A/Resources/libRadiance.dylib
0x000000000c121000 	/usr/lib/libcompression.dylib
0x000000000c121000 	/System/Library/PrivateFrameworks/AppleJPEG.framework/Versions/A/AppleJPEG
0x000000000c121000 	/usr/lib/libcups.2.dylib
0x000000000c121000 	/System/Library/Frameworks/Kerberos.framework/Versions/A/Kerberos
0x000000000c121000 	/System/Library/Frameworks/GSS.framework/Versions/A/GSS
0x000000000c121000 	/usr/lib/libresolv.9.dylib
0x000000000c121000 	/usr/lib/libiconv.2.dylib
0x000000000c121000 	/System/Library/PrivateFrameworks/Heimdal.framework/Versions/A/Heimdal
0x000000000c121000 	/usr/lib/libheimdal-asn1.dylib
0x000000000c121000 	/System/Library/Frameworks/OpenDirectory.framework/Versions/A/OpenDirectory
0x000000000c121000 	/System/Library/PrivateFrameworks/CommonAuth.framework/Versions/A/CommonAuth
0x000000000c121000 	/System/Library/Frameworks/OpenDirectory.framework/Versions/A/Frameworks/CFOpenDirectory.framework/Versions/A/CFOpenDirectory
0x000000000c121000 	/System/Library/Frameworks/SecurityFoundation.framework/Versions/A/SecurityFoundation
0x000000000c121000 	/System/Library/PrivateFrameworks/LanguageModeling.framework/Versions/A/LanguageModeling
0x000000000c121000 	/usr/lib/libmarisa.dylib
0x000000000c121000 	/usr/lib/libChineseTokenizer.dylib
0x000000000c121000 	/usr/lib/libcmph.dylib
0x000000000c121000 	/System/Library/PrivateFrameworks/CoreEmoji.framework/Versions/A/CoreEmoji
0x000000000c121000 	/System/Library/Frameworks/ServiceManagement.framework/Versions/A/ServiceManagement
0x000000000c121000 	/usr/lib/libxslt.1.dylib
0x000000000c121000 	/System/Library/Frameworks/Carbon.framework/Versions/A/Frameworks/Ink.framework/Versions/A/Ink
0x000000000c121000 	/System/Library/PrivateFrameworks/TextureIO.framework/Versions/A/TextureIO
0x000000000c121000 	/System/Library/Frameworks/Metal.framework/Versions/A/Metal
0x000000000c121000 	/usr/lib/libate.dylib
0x000000000c121000 	/System/Library/PrivateFrameworks/GPUCompiler.framework/libmetal_timestamp.dylib
0x000000000c121000 	/System/Library/Frameworks/OpenGL.framework/Versions/A/Libraries/libCoreFSCache.dylib
0x000000000c121000 	/System/Library/PrivateFrameworks/IOAccelerator.framework/Versions/A/IOAccelerator
0x000000000c121000 	/System/Library/Frameworks/CoreVideo.framework/Versions/A/CoreVideo
0x000000000c121000 	/usr/lib/libFosl_dynamic.dylib
0x000000000c121000 	/System/Library/PrivateFrameworks/MetalPerformanceShaders.framework/Versions/A/MetalPerformanceShaders
0x000000000c121000 	/System/Library/PrivateFrameworks/FaceCore.framework/Versions/A/FaceCore
0x000000000c121000 	/System/Library/Frameworks/OpenCL.framework/Versions/A/OpenCL
0x000000000c121000 	/System/Library/Frameworks/OpenGL.framework/Versions/A/Libraries/libGLU.dylib
0x000000000c121000 	/System/Library/Frameworks/OpenGL.framework/Versions/A/Libraries/libGFXShared.dylib
0x000000000c121000 	/System/Library/Frameworks/OpenGL.framework/Versions/A/Libraries/libGL.dylib
0x000000000c121000 	/System/Library/Frameworks/OpenGL.framework/Versions/A/Libraries/libGLImage.dylib
0x000000000c121000 	/System/Library/Frameworks/OpenGL.framework/Versions/A/Libraries/libCVMSPluginSupport.dylib
0x000000000c121000 	/System/Library/Frameworks/OpenGL.framework/Versions/A/Libraries/libCoreVMClient.dylib
0x000000000c121000 	/System/Library/PrivateFrameworks/CrashReporterSupport.framework/Versions/A/CrashReporterSupport
0x000000000c121000 	/System/Library/PrivateFrameworks/Sharing.framework/Versions/A/Sharing
0x000000000c121000 	/System/Library/PrivateFrameworks/IconServices.framework/Versions/A/IconServices
0x000000000c121000 	/System/Library/PrivateFrameworks/ProtocolBuffer.framework/Versions/A/ProtocolBuffer
0x000000000c121000 	/System/Library/PrivateFrameworks/Apple80211.framework/Versions/A/Apple80211
0x000000000c121000 	/System/Library/Frameworks/CoreWLAN.framework/Versions/A/CoreWLAN
0x000000000c121000 	/System/Library/PrivateFrameworks/CoreUtils.framework/Versions/A/CoreUtils
0x000000000c121000 	/System/Library/Frameworks/IOBluetooth.framework/Versions/A/IOBluetooth
0x000000000c121000 	/System/Library/PrivateFrameworks/CoreWiFi.framework/Versions/A/CoreWiFi
0x000000000c121000 	/System/Library/Frameworks/CoreBluetooth.framework/Versions/A/CoreBluetooth
0x000000000c121000 	/System/Library/Frameworks/CoreDisplay.framework/Versions/A/CoreDisplay
0x000000000c121000 	/System/Library/PrivateFrameworks/IOPresentment.framework/Versions/A/IOPresentment
0x000000000c121000 	/System/Library/PrivateFrameworks/DSExternalDisplay.framework/Versions/A/DSExternalDisplay
0x000000000c121000 	/System/Library/PrivateFrameworks/DebugSymbols.framework/Versions/A/DebugSymbols
0x000000000c121000 	/System/Library/PrivateFrameworks/CoreSymbolication.framework/Versions/A/CoreSymbolication
0x000000000c121000 	/System/Library/PrivateFrameworks/Symbolication.framework/Versions/A/Symbolication
0x000000000c121000 	/System/Library/PrivateFrameworks/AppleFSCompression.framework/Versions/A/AppleFSCompression
0x000000000c121000 	/System/Library/PrivateFrameworks/SpeechRecognitionCore.framework/Versions/A/SpeechRecognitionCore
0x000000000c121000 	/System/Library/PrivateFrameworks/ChunkingLibrary.framework/Versions/A/ChunkingLibrary
0x00000001045a7000 	/Library/Java/JavaVirtualMachines/jdk1.8.0_45.jdk/Contents/Home/jre/lib/server/libjvm.dylib
0x000000000c121000 	/usr/lib/libstdc++.6.dylib
0x0000000105510000 	/Library/Java/JavaVirtualMachines/jdk1.8.0_45.jdk/Contents/Home/jre/lib/libverify.dylib
0x000000010551e000 	/Library/Java/JavaVirtualMachines/jdk1.8.0_45.jdk/Contents/Home/jre/lib/libjava.dylib
0x000000010555d000 	/Library/Java/JavaVirtualMachines/jdk1.8.0_45.jdk/Contents/Home/jre/lib/libzip.dylib
0x000000010a9d6000 	/System/Library/Frameworks/JavaVM.framework/Frameworks/JavaRuntimeSupport.framework/JavaRuntimeSupport
0x000000010a9f0000 	/System/Library/Frameworks/JavaVM.framework/Versions/A/Frameworks/JavaNativeFoundation.framework/Versions/A/JavaNativeFoundation
0x000000010aa05000 	/System/Library/Frameworks/JavaVM.framework/Versions/A/JavaVM
0x000000000c121000 	/System/Library/Frameworks/Carbon.framework/Versions/A/Carbon
0x000000010aa12000 	/System/Library/PrivateFrameworks/JavaLaunching.framework/Versions/A/JavaLaunching
0x000000000c121000 	/System/Library/Frameworks/Carbon.framework/Versions/A/Frameworks/CommonPanels.framework/Versions/A/CommonPanels
0x000000000c121000 	/System/Library/Frameworks/Carbon.framework/Versions/A/Frameworks/Help.framework/Versions/A/Help
0x000000000c121000 	/System/Library/Frameworks/Carbon.framework/Versions/A/Frameworks/ImageCapture.framework/Versions/A/ImageCapture
0x000000000c121000 	/System/Library/Frameworks/Carbon.framework/Versions/A/Frameworks/OpenScripting.framework/Versions/A/OpenScripting
0x000000000c121000 	/System/Library/Frameworks/Carbon.framework/Versions/A/Frameworks/Print.framework/Versions/A/Print
0x000000000c121000 	/System/Library/Frameworks/Carbon.framework/Versions/A/Frameworks/SecurityHI.framework/Versions/A/SecurityHI
0x000000010ab42000 	/Library/Java/JavaVirtualMachines/jdk1.8.0_45.jdk/Contents/Home/jre/lib/libprism_es2.dylib
0x000000000c121000 	/System/Library/Frameworks/OpenGL.framework/Versions/A/Resources/GLEngine.bundle/GLEngine
0x000000000c121000 	/System/Library/Frameworks/OpenGL.framework/Versions/A/Libraries/libGLProgrammability.dylib
0x000000011bb69000 	/System/Library/Extensions/GeForceTeslaGLDriver.bundle/Contents/MacOS/GeForceTeslaGLDriver
0x000000011d72d000 	/System/Library/Extensions/GeForceTeslaGLDriver.bundle/Contents/MacOS/libclh.dylib
0x000000000c121000 	/System/Library/PrivateFrameworks/GPUSupport.framework/Versions/A/Libraries/libGPUSupport.dylib
0x000000000c121000 	/System/Library/Frameworks/OpenGL.framework/Versions/A/Resources/GLRendererFloat.bundle/GLRendererFloat
0x000000000c121000 	/System/Library/Frameworks/OpenCL.framework/Versions/A/Libraries/libcldcpuengine.dylib
0x000000000c121000 	/usr/lib/libcrypto.0.9.8.dylib
0x000000000c121000 	/System/Library/PrivateFrameworks/TrustEvaluationAgent.framework/Versions/A/TrustEvaluationAgent
0x000000010ac65000 	/Library/Java/JavaVirtualMachines/jdk1.8.0_45.jdk/Contents/Home/jre/lib/libglass.dylib
0x000000000c121000 	/System/Library/PrivateFrameworks/CoreServicesInternal.framework/Versions/A/CoreServicesInternal
0x000000000c121000 	/System/Library/CoreServices/RawCamera.bundle/Contents/MacOS/RawCamera
0x000000000c121000 	/System/Library/Frameworks/Accelerate.framework/Versions/A/Frameworks/vImage.framework/Versions/A/Libraries/libCGInterfaces.dylib
0x000000000c121000 	/System/Library/PrivateFrameworks/FamilyControls.framework/Versions/A/FamilyControls
0x000000000c121000 	/System/Library/PrivateFrameworks/CommerceKit.framework/Versions/A/Frameworks/CommerceCore.framework/Versions/A/CommerceCore
0x000000000c121000 	/System/Library/PrivateFrameworks/SystemAdministration.framework/Versions/A/SystemAdministration
0x000000000c121000 	/System/Library/PrivateFrameworks/AppContainer.framework/Versions/A/AppContainer
0x000000000c121000 	/System/Library/PrivateFrameworks/SecCodeWrapper.framework/Versions/A/SecCodeWrapper
0x000000000c121000 	/System/Library/Frameworks/DirectoryService.framework/Versions/A/DirectoryService
0x000000000c121000 	/System/Library/PrivateFrameworks/DiskImages.framework/Versions/A/DiskImages
0x000000000c121000 	/System/Library/PrivateFrameworks/LoginUIKit.framework/Versions/A/Frameworks/LoginUICore.framework/Versions/A/LoginUICore
0x000000000c121000 	/usr/lib/libCoreStorage.dylib
0x000000000c121000 	/usr/lib/libcsfde.dylib
0x000000000c121000 	/usr/lib/libodfde.dylib
0x000000000c121000 	/System/Library/Frameworks/DiscRecording.framework/Versions/A/DiscRecording
0x000000000c121000 	/usr/lib/libcurl.4.dylib
0x000000000c121000 	/System/Library/PrivateFrameworks/MediaKit.framework/Versions/A/MediaKit
0x000000000c121000 	/System/Library/PrivateFrameworks/ProtectedCloudStorage.framework/Versions/A/ProtectedCloudStorage
0x000000000c121000 	/System/Library/PrivateFrameworks/EFILogin.framework/Versions/A/EFILogin
0x000000000c121000 	/usr/lib/libutil.dylib
0x000000000c121000 	/System/Library/Frameworks/LDAP.framework/Versions/A/LDAP
0x000000000c121000 	/usr/lib/libsasl2.2.dylib
0x000000000c121000 	/System/Library/PrivateFrameworks/CoreDaemon.framework/Versions/B/CoreDaemon
0x000000000c121000 	/System/Library/PrivateFrameworks/AppleSRP.framework/Versions/A/AppleSRP
0x000000000c121000 	/System/Library/PrivateFrameworks/APFS.framework/Versions/A/APFS

VM Arguments:
jvm_args: -Dfile.encoding=UTF-8 
java_command: IMS.MainController
java_class_path (initial): /Users/Omotayo/Documents/workspace/InventoryManagementSystem/bin:/Users/Omotayo/Java Libraries/mysql-connector-java-5.1.18-bin.jar
Launcher Type: SUN_STANDARD

Environment Variables:
PATH=/usr/bin:/bin:/usr/sbin:/sbin
SHELL=/bin/sh

Signal Handlers:
SIGSEGV: [libjvm.dylib+0x58ef95], sa_mask[0]=11111111011111110111111111111111, sa_flags=SA_ONSTACK|SA_RESTART|SA_SIGINFO
SIGBUS: [libjvm.dylib+0x58ef95], sa_mask[0]=11111111011111110111111111111111, sa_flags=SA_RESTART|SA_SIGINFO
SIGFPE: [libjvm.dylib+0x46c108], sa_mask[0]=11111111011111110111111111111111, sa_flags=SA_RESTART|SA_SIGINFO
SIGPIPE: [libjvm.dylib+0x46c108], sa_mask[0]=11111111011111110111111111111111, sa_flags=SA_RESTART|SA_SIGINFO
SIGXFSZ: [libjvm.dylib+0x46c108], sa_mask[0]=11111111011111110111111111111111, sa_flags=SA_RESTART|SA_SIGINFO
SIGILL: [libjvm.dylib+0x46c108], sa_mask[0]=11111111011111110111111111111111, sa_flags=SA_RESTART|SA_SIGINFO
SIGUSR1: SIG_DFL, sa_mask[0]=00000000000000000000000000000000, sa_flags=none
SIGUSR2: [libjvm.dylib+0x46bc26], sa_mask[0]=00100000000000000000000000000000, sa_flags=SA_RESTART|SA_SIGINFO
SIGHUP: [libjvm.dylib+0x46a1f9], sa_mask[0]=11111111011111110111111111111111, sa_flags=SA_RESTART|SA_SIGINFO
SIGINT: [libjvm.dylib+0x46a1f9], sa_mask[0]=11111111011111110111111111111111, sa_flags=SA_RESTART|SA_SIGINFO
SIGTERM: [libjvm.dylib+0x46a1f9], sa_mask[0]=11111111011111110111111111111111, sa_flags=SA_RESTART|SA_SIGINFO
SIGQUIT: [libjvm.dylib+0x46a1f9], sa_mask[0]=11111111011111110111111111111111, sa_flags=SA_RESTART|SA_SIGINFO


---------------  S Y S T E M  ---------------

OS:Bsduname:Darwin 16.7.0 Darwin Kernel Version 16.7.0: Wed Oct  4 00:17:00 PDT 2017; root:xnu-3789.71.6~1/RELEASE_X86_64 x86_64
rlimit: STACK 8192k, CORE 0k, NPROC 709, NOFILE 10240, AS infinity
load average:1.53 1.47 1.48

CPU:total 2 (2 cores per cpu, 1 threads per core) family 6 model 23 stepping 10, cmov, cx8, fxsr, mmx, sse, sse2, sse3, ssse3, sse4.1, tsc

Memory: 4k page, physical 6291456k(804732k free)

/proc/meminfo:


vm_info: Java HotSpot(TM) 64-Bit Server VM (25.45-b02) for bsd-amd64 JRE (1.8.0_45-b14), built on Apr 10 2015 10:46:38 by "java_re" with gcc 4.2.1 (Based on Apple Inc. build 5658) (LLVM build 2336.11.00)

time: Mon Dec 11 17:17:24 2017
elapsed time: 0 seconds (0d 0h 0m 0s)

